Pig Stack Trace
---------------
ERROR 1200: java.net.UnknownHostException: user

Failed to parse: java.net.UnknownHostException: user
	at org.apache.pig.parser.QueryParserDriver.parse(QueryParserDriver.java:201)
	at org.apache.pig.PigServer$Graph.validateQuery(PigServer.java:1792)
	at org.apache.pig.PigServer$Graph.registerQuery(PigServer.java:1765)
	at org.apache.pig.PigServer.registerQuery(PigServer.java:708)
	at org.apache.pig.tools.grunt.GruntParser.processPig(GruntParser.java:1110)
	at org.apache.pig.tools.pigscript.parser.PigScriptParser.parse(PigScriptParser.java:512)
	at org.apache.pig.tools.grunt.GruntParser.parseStopOnError(GruntParser.java:230)
	at org.apache.pig.tools.grunt.GruntParser.parseStopOnError(GruntParser.java:205)
	at org.apache.pig.tools.grunt.Grunt.run(Grunt.java:66)
	at org.apache.pig.Main.run(Main.java:564)
	at org.apache.pig.Main.main(Main.java:175)
	at sun.reflect.NativeMethodAccessorImpl.invoke0(Native Method)
	at sun.reflect.NativeMethodAccessorImpl.invoke(NativeMethodAccessorImpl.java:62)
	at sun.reflect.DelegatingMethodAccessorImpl.invoke(DelegatingMethodAccessorImpl.java:43)
	at java.lang.reflect.Method.invoke(Method.java:498)
	at org.apache.hadoop.util.RunJar.run(RunJar.java:318)
	at org.apache.hadoop.util.RunJar.main(RunJar.java:232)
Caused by: java.lang.IllegalArgumentException: java.net.UnknownHostException: user
	at org.apache.hadoop.security.SecurityUtil.buildTokenService(SecurityUtil.java:445)
	at org.apache.hadoop.hdfs.NameNodeProxiesClient.createProxyWithClientProtocol(NameNodeProxiesClient.java:140)
	at org.apache.hadoop.hdfs.DFSClient.<init>(DFSClient.java:358)
	at org.apache.hadoop.hdfs.DFSClient.<init>(DFSClient.java:292)
	at org.apache.hadoop.hdfs.DistributedFileSystem.initDFSClient(DistributedFileSystem.java:201)
	at org.apache.hadoop.hdfs.DistributedFileSystem.initialize(DistributedFileSystem.java:186)
	at org.apache.hadoop.fs.FileSystem.createFileSystem(FileSystem.java:3451)
	at org.apache.hadoop.fs.FileSystem.access$300(FileSystem.java:161)
	at org.apache.hadoop.fs.FileSystem$Cache.getInternal(FileSystem.java:3556)
	at org.apache.hadoop.fs.FileSystem$Cache.get(FileSystem.java:3503)
	at org.apache.hadoop.fs.FileSystem.get(FileSystem.java:521)
	at org.apache.pig.backend.hadoop.datastorage.HDataStorage.init(HDataStorage.java:69)
	at org.apache.pig.backend.hadoop.datastorage.HDataStorage.<init>(HDataStorage.java:51)
	at org.apache.pig.builtin.JsonMetadata.findMetaFile(JsonMetadata.java:109)
	at org.apache.pig.builtin.JsonMetadata.getSchema(JsonMetadata.java:189)
	at org.apache.pig.builtin.PigStorage.getSchema(PigStorage.java:547)
	at org.apache.pig.newplan.logical.relational.LOLoad.getSchemaFromMetaData(LOLoad.java:175)
	at org.apache.pig.newplan.logical.relational.LOLoad.<init>(LOLoad.java:89)
	at org.apache.pig.parser.LogicalPlanBuilder.buildLoadOp(LogicalPlanBuilder.java:914)
	at org.apache.pig.parser.LogicalPlanGenerator.load_clause(LogicalPlanGenerator.java:3568)
	at org.apache.pig.parser.LogicalPlanGenerator.op_clause(LogicalPlanGenerator.java:1625)
	at org.apache.pig.parser.LogicalPlanGenerator.general_statement(LogicalPlanGenerator.java:1102)
	at org.apache.pig.parser.LogicalPlanGenerator.statement(LogicalPlanGenerator.java:560)
	at org.apache.pig.parser.LogicalPlanGenerator.query(LogicalPlanGenerator.java:421)
	at org.apache.pig.parser.QueryParserDriver.parse(QueryParserDriver.java:191)
	... 16 more
Caused by: java.net.UnknownHostException: user
	... 41 more
================================================================================
Pig Stack Trace
---------------
ERROR 1200: java.net.UnknownHostException: nameservice1

Failed to parse: java.net.UnknownHostException: nameservice1
	at org.apache.pig.parser.QueryParserDriver.parse(QueryParserDriver.java:201)
	at org.apache.pig.PigServer$Graph.validateQuery(PigServer.java:1792)
	at org.apache.pig.PigServer$Graph.registerQuery(PigServer.java:1765)
	at org.apache.pig.PigServer.registerQuery(PigServer.java:708)
	at org.apache.pig.tools.grunt.GruntParser.processPig(GruntParser.java:1110)
	at org.apache.pig.tools.pigscript.parser.PigScriptParser.parse(PigScriptParser.java:512)
	at org.apache.pig.tools.grunt.GruntParser.parseStopOnError(GruntParser.java:230)
	at org.apache.pig.tools.grunt.GruntParser.parseStopOnError(GruntParser.java:205)
	at org.apache.pig.tools.grunt.Grunt.run(Grunt.java:66)
	at org.apache.pig.Main.run(Main.java:564)
	at org.apache.pig.Main.main(Main.java:175)
	at sun.reflect.NativeMethodAccessorImpl.invoke0(Native Method)
	at sun.reflect.NativeMethodAccessorImpl.invoke(NativeMethodAccessorImpl.java:62)
	at sun.reflect.DelegatingMethodAccessorImpl.invoke(DelegatingMethodAccessorImpl.java:43)
	at java.lang.reflect.Method.invoke(Method.java:498)
	at org.apache.hadoop.util.RunJar.run(RunJar.java:318)
	at org.apache.hadoop.util.RunJar.main(RunJar.java:232)
Caused by: java.lang.IllegalArgumentException: java.net.UnknownHostException: nameservice1
	at org.apache.hadoop.security.SecurityUtil.buildTokenService(SecurityUtil.java:445)
	at org.apache.hadoop.hdfs.NameNodeProxiesClient.createProxyWithClientProtocol(NameNodeProxiesClient.java:140)
	at org.apache.hadoop.hdfs.DFSClient.<init>(DFSClient.java:358)
	at org.apache.hadoop.hdfs.DFSClient.<init>(DFSClient.java:292)
	at org.apache.hadoop.hdfs.DistributedFileSystem.initDFSClient(DistributedFileSystem.java:201)
	at org.apache.hadoop.hdfs.DistributedFileSystem.initialize(DistributedFileSystem.java:186)
	at org.apache.hadoop.fs.FileSystem.createFileSystem(FileSystem.java:3451)
	at org.apache.hadoop.fs.FileSystem.access$300(FileSystem.java:161)
	at org.apache.hadoop.fs.FileSystem$Cache.getInternal(FileSystem.java:3556)
	at org.apache.hadoop.fs.FileSystem$Cache.get(FileSystem.java:3503)
	at org.apache.hadoop.fs.FileSystem.get(FileSystem.java:521)
	at org.apache.pig.backend.hadoop.datastorage.HDataStorage.init(HDataStorage.java:69)
	at org.apache.pig.backend.hadoop.datastorage.HDataStorage.<init>(HDataStorage.java:51)
	at org.apache.pig.builtin.JsonMetadata.findMetaFile(JsonMetadata.java:109)
	at org.apache.pig.builtin.JsonMetadata.getSchema(JsonMetadata.java:189)
	at org.apache.pig.builtin.PigStorage.getSchema(PigStorage.java:547)
	at org.apache.pig.newplan.logical.relational.LOLoad.getSchemaFromMetaData(LOLoad.java:175)
	at org.apache.pig.newplan.logical.relational.LOLoad.<init>(LOLoad.java:89)
	at org.apache.pig.parser.LogicalPlanBuilder.buildLoadOp(LogicalPlanBuilder.java:914)
	at org.apache.pig.parser.LogicalPlanGenerator.load_clause(LogicalPlanGenerator.java:3568)
	at org.apache.pig.parser.LogicalPlanGenerator.op_clause(LogicalPlanGenerator.java:1625)
	at org.apache.pig.parser.LogicalPlanGenerator.general_statement(LogicalPlanGenerator.java:1102)
	at org.apache.pig.parser.LogicalPlanGenerator.statement(LogicalPlanGenerator.java:560)
	at org.apache.pig.parser.LogicalPlanGenerator.query(LogicalPlanGenerator.java:421)
	at org.apache.pig.parser.QueryParserDriver.parse(QueryParserDriver.java:191)
	... 16 more
Caused by: java.net.UnknownHostException: nameservice1
	... 41 more
================================================================================
Pig Stack Trace
---------------
ERROR 1003: Unable to find an operator for alias movies

org.apache.pig.impl.logicalLayer.FrontendException: ERROR 1003: Unable to find an operator for alias movies
	at org.apache.pig.PigServer$Graph.buildPlan(PigServer.java:1629)
	at org.apache.pig.PigServer.storeEx(PigServer.java:1114)
	at org.apache.pig.PigServer.store(PigServer.java:1082)
	at org.apache.pig.PigServer.openIterator(PigServer.java:995)
	at org.apache.pig.tools.grunt.GruntParser.processDump(GruntParser.java:782)
	at org.apache.pig.tools.pigscript.parser.PigScriptParser.parse(PigScriptParser.java:383)
	at org.apache.pig.tools.grunt.GruntParser.parseStopOnError(GruntParser.java:230)
	at org.apache.pig.tools.grunt.GruntParser.parseStopOnError(GruntParser.java:205)
	at org.apache.pig.tools.grunt.Grunt.run(Grunt.java:66)
	at org.apache.pig.Main.run(Main.java:564)
	at org.apache.pig.Main.main(Main.java:175)
	at sun.reflect.NativeMethodAccessorImpl.invoke0(Native Method)
	at sun.reflect.NativeMethodAccessorImpl.invoke(NativeMethodAccessorImpl.java:62)
	at sun.reflect.DelegatingMethodAccessorImpl.invoke(DelegatingMethodAccessorImpl.java:43)
	at java.lang.reflect.Method.invoke(Method.java:498)
	at org.apache.hadoop.util.RunJar.run(RunJar.java:318)
	at org.apache.hadoop.util.RunJar.main(RunJar.java:232)
================================================================================
Pig Stack Trace
---------------
ERROR 2999: Unexpected internal error. null

java.lang.NullPointerException
	at org.apache.pig.tools.grunt.ConsoleReaderInputStream$ConsoleLineInputStream.read(ConsoleReaderInputStream.java:107)
	at java.io.InputStream.read(InputStream.java:170)
	at java.io.SequenceInputStream.read(SequenceInputStream.java:207)
	at sun.nio.cs.StreamDecoder.readBytes(StreamDecoder.java:284)
	at sun.nio.cs.StreamDecoder.implRead(StreamDecoder.java:326)
	at sun.nio.cs.StreamDecoder.read(StreamDecoder.java:178)
	at java.io.InputStreamReader.read(InputStreamReader.java:184)
	at java.io.BufferedReader.fill(BufferedReader.java:161)
	at java.io.BufferedReader.read1(BufferedReader.java:212)
	at java.io.BufferedReader.read(BufferedReader.java:286)
	at org.apache.pig.tools.pigscript.parser.JavaCharStream.FillBuff(JavaCharStream.java:143)
	at org.apache.pig.tools.pigscript.parser.JavaCharStream.ReadByte(JavaCharStream.java:171)
	at org.apache.pig.tools.pigscript.parser.JavaCharStream.readChar(JavaCharStream.java:274)
	at org.apache.pig.tools.pigscript.parser.JavaCharStream.BeginToken(JavaCharStream.java:193)
	at org.apache.pig.tools.pigscript.parser.PigScriptParserTokenManager.getNextToken(PigScriptParserTokenManager.java:3215)
	at org.apache.pig.tools.pigscript.parser.PigScriptParser.jj_ntk(PigScriptParser.java:1511)
	at org.apache.pig.tools.pigscript.parser.PigScriptParser.parse(PigScriptParser.java:117)
	at org.apache.pig.tools.grunt.GruntParser.parseStopOnError(GruntParser.java:230)
	at org.apache.pig.tools.grunt.GruntParser.parseStopOnError(GruntParser.java:205)
	at org.apache.pig.tools.grunt.Grunt.run(Grunt.java:66)
	at org.apache.pig.Main.run(Main.java:564)
	at org.apache.pig.Main.main(Main.java:175)
	at sun.reflect.NativeMethodAccessorImpl.invoke0(Native Method)
	at sun.reflect.NativeMethodAccessorImpl.invoke(NativeMethodAccessorImpl.java:62)
	at sun.reflect.DelegatingMethodAccessorImpl.invoke(DelegatingMethodAccessorImpl.java:43)
	at java.lang.reflect.Method.invoke(Method.java:498)
	at org.apache.hadoop.util.RunJar.run(RunJar.java:318)
	at org.apache.hadoop.util.RunJar.main(RunJar.java:232)
================================================================================
Pig Stack Trace
---------------
ERROR 2999: Unexpected internal error. null

java.lang.NullPointerException
	at org.apache.pig.tools.grunt.ConsoleReaderInputStream$ConsoleLineInputStream.read(ConsoleReaderInputStream.java:107)
	at java.io.InputStream.read(InputStream.java:170)
	at java.io.SequenceInputStream.read(SequenceInputStream.java:207)
	at sun.nio.cs.StreamDecoder.readBytes(StreamDecoder.java:284)
	at sun.nio.cs.StreamDecoder.implRead(StreamDecoder.java:326)
	at sun.nio.cs.StreamDecoder.read(StreamDecoder.java:178)
	at java.io.InputStreamReader.read(InputStreamReader.java:184)
	at java.io.BufferedReader.fill(BufferedReader.java:161)
	at java.io.BufferedReader.read1(BufferedReader.java:212)
	at java.io.BufferedReader.read(BufferedReader.java:286)
	at org.apache.pig.tools.pigscript.parser.JavaCharStream.FillBuff(JavaCharStream.java:143)
	at org.apache.pig.tools.pigscript.parser.JavaCharStream.ReadByte(JavaCharStream.java:171)
	at org.apache.pig.tools.pigscript.parser.JavaCharStream.readChar(JavaCharStream.java:274)
	at org.apache.pig.tools.pigscript.parser.JavaCharStream.BeginToken(JavaCharStream.java:193)
	at org.apache.pig.tools.pigscript.parser.PigScriptParserTokenManager.getNextToken(PigScriptParserTokenManager.java:3215)
	at org.apache.pig.tools.pigscript.parser.PigScriptParser.jj_ntk(PigScriptParser.java:1511)
	at org.apache.pig.tools.pigscript.parser.PigScriptParser.parse(PigScriptParser.java:117)
	at org.apache.pig.tools.grunt.GruntParser.parseStopOnError(GruntParser.java:230)
	at org.apache.pig.tools.grunt.GruntParser.parseStopOnError(GruntParser.java:205)
	at org.apache.pig.tools.grunt.Grunt.run(Grunt.java:66)
	at org.apache.pig.Main.run(Main.java:564)
	at org.apache.pig.Main.main(Main.java:175)
	at sun.reflect.NativeMethodAccessorImpl.invoke0(Native Method)
	at sun.reflect.NativeMethodAccessorImpl.invoke(NativeMethodAccessorImpl.java:62)
	at sun.reflect.DelegatingMethodAccessorImpl.invoke(DelegatingMethodAccessorImpl.java:43)
	at java.lang.reflect.Method.invoke(Method.java:498)
	at org.apache.hadoop.util.RunJar.run(RunJar.java:318)
	at org.apache.hadoop.util.RunJar.main(RunJar.java:232)
================================================================================
