Pig Stack Trace
---------------
ERROR 1200: Pig script failed to parse: <line 1, column 9> pig script failed to validate: java.lang.IllegalArgumentException: java.net.URISyntaxException: Relative path in absolute URI: hdfs:ns1/nameservice1/user/naveenpntrainergmail/movies_data.csv

Failed to parse: Pig script failed to parse: <line 1, column 9> pig script failed to validate: java.lang.IllegalArgumentException: java.net.URISyntaxException: Relative path in absolute URI: hdfs:ns1/nameservice1/user/naveenpntrainergmail/movies_data.csv
	at org.apache.pig.parser.QueryParserDriver.parse(QueryParserDriver.java:199)
	at org.apache.pig.PigServer$Graph.validateQuery(PigServer.java:1792)
	at org.apache.pig.PigServer$Graph.registerQuery(PigServer.java:1765)
	at org.apache.pig.PigServer.registerQuery(PigServer.java:708)
	at org.apache.pig.tools.grunt.GruntParser.processPig(GruntParser.java:1110)
	at org.apache.pig.tools.pigscript.parser.PigScriptParser.parse(PigScriptParser.java:512)
	at org.apache.pig.tools.grunt.GruntParser.parseStopOnError(GruntParser.java:230)
	at org.apache.pig.tools.grunt.GruntParser.parseStopOnError(GruntParser.java:205)
	at org.apache.pig.tools.grunt.Grunt.run(Grunt.java:66)
	at org.apache.pig.Main.run(Main.java:564)
	at org.apache.pig.Main.main(Main.java:175)
	at sun.reflect.NativeMethodAccessorImpl.invoke0(Native Method)
	at sun.reflect.NativeMethodAccessorImpl.invoke(NativeMethodAccessorImpl.java:62)
	at sun.reflect.DelegatingMethodAccessorImpl.invoke(DelegatingMethodAccessorImpl.java:43)
	at java.lang.reflect.Method.invoke(Method.java:498)
	at org.apache.hadoop.util.RunJar.run(RunJar.java:318)
	at org.apache.hadoop.util.RunJar.main(RunJar.java:232)
Caused by: <line 1, column 9> pig script failed to validate: java.lang.IllegalArgumentException: java.net.URISyntaxException: Relative path in absolute URI: hdfs:ns1/nameservice1/user/naveenpntrainergmail/movies_data.csv
	at org.apache.pig.parser.LogicalPlanBuilder.buildLoadOp(LogicalPlanBuilder.java:904)
	at org.apache.pig.parser.LogicalPlanGenerator.load_clause(LogicalPlanGenerator.java:3568)
	at org.apache.pig.parser.LogicalPlanGenerator.op_clause(LogicalPlanGenerator.java:1625)
	at org.apache.pig.parser.LogicalPlanGenerator.general_statement(LogicalPlanGenerator.java:1102)
	at org.apache.pig.parser.LogicalPlanGenerator.statement(LogicalPlanGenerator.java:560)
	at org.apache.pig.parser.LogicalPlanGenerator.query(LogicalPlanGenerator.java:421)
	at org.apache.pig.parser.QueryParserDriver.parse(QueryParserDriver.java:191)
	... 16 more
Caused by: java.lang.IllegalArgumentException: java.net.URISyntaxException: Relative path in absolute URI: hdfs:ns1/nameservice1/user/naveenpntrainergmail/movies_data.csv
	at org.apache.hadoop.fs.Path.initialize(Path.java:259)
	at org.apache.hadoop.fs.Path.<init>(Path.java:217)
	at org.apache.pig.LoadFunc.getAbsolutePath(LoadFunc.java:254)
	at org.apache.pig.LoadFunc.relativeToAbsolutePath(LoadFunc.java:76)
	at org.apache.pig.parser.LogicalPlanBuilder.buildLoadOp(LogicalPlanBuilder.java:896)
	... 22 more
Caused by: java.net.URISyntaxException: Relative path in absolute URI: hdfs:ns1/nameservice1/user/naveenpntrainergmail/movies_data.csv
	at java.net.URI.checkPath(URI.java:1823)
	at java.net.URI.<init>(URI.java:745)
	at org.apache.hadoop.fs.Path.initialize(Path.java:256)
	... 26 more
================================================================================
Pig Stack Trace
---------------
ERROR 1003: Unable to find an operator for alias movies

org.apache.pig.impl.logicalLayer.FrontendException: ERROR 1003: Unable to find an operator for alias movies
	at org.apache.pig.PigServer$Graph.buildPlan(PigServer.java:1629)
	at org.apache.pig.PigServer.storeEx(PigServer.java:1114)
	at org.apache.pig.PigServer.store(PigServer.java:1082)
	at org.apache.pig.PigServer.openIterator(PigServer.java:995)
	at org.apache.pig.tools.grunt.GruntParser.processDump(GruntParser.java:782)
	at org.apache.pig.tools.pigscript.parser.PigScriptParser.parse(PigScriptParser.java:383)
	at org.apache.pig.tools.grunt.GruntParser.parseStopOnError(GruntParser.java:230)
	at org.apache.pig.tools.grunt.GruntParser.parseStopOnError(GruntParser.java:205)
	at org.apache.pig.tools.grunt.Grunt.run(Grunt.java:66)
	at org.apache.pig.Main.run(Main.java:564)
	at org.apache.pig.Main.main(Main.java:175)
	at sun.reflect.NativeMethodAccessorImpl.invoke0(Native Method)
	at sun.reflect.NativeMethodAccessorImpl.invoke(NativeMethodAccessorImpl.java:62)
	at sun.reflect.DelegatingMethodAccessorImpl.invoke(DelegatingMethodAccessorImpl.java:43)
	at java.lang.reflect.Method.invoke(Method.java:498)
	at org.apache.hadoop.util.RunJar.run(RunJar.java:318)
	at org.apache.hadoop.util.RunJar.main(RunJar.java:232)
================================================================================
Pig Stack Trace
---------------
ERROR 1200: Pig script failed to parse: <line 1, column 9> pig script failed to validate: java.lang.IllegalArgumentException: java.net.URISyntaxException: Relative path in absolute URI: hdfs:ns1/user/naveenpntrainergmail/movies_data.csv

Failed to parse: Pig script failed to parse: <line 1, column 9> pig script failed to validate: java.lang.IllegalArgumentException: java.net.URISyntaxException: Relative path in absolute URI: hdfs:ns1/user/naveenpntrainergmail/movies_data.csv
	at org.apache.pig.parser.QueryParserDriver.parse(QueryParserDriver.java:199)
	at org.apache.pig.PigServer$Graph.validateQuery(PigServer.java:1792)
	at org.apache.pig.PigServer$Graph.registerQuery(PigServer.java:1765)
	at org.apache.pig.PigServer.registerQuery(PigServer.java:708)
	at org.apache.pig.tools.grunt.GruntParser.processPig(GruntParser.java:1110)
	at org.apache.pig.tools.pigscript.parser.PigScriptParser.parse(PigScriptParser.java:512)
	at org.apache.pig.tools.grunt.GruntParser.parseStopOnError(GruntParser.java:230)
	at org.apache.pig.tools.grunt.GruntParser.parseStopOnError(GruntParser.java:205)
	at org.apache.pig.tools.grunt.Grunt.run(Grunt.java:66)
	at org.apache.pig.Main.run(Main.java:564)
	at org.apache.pig.Main.main(Main.java:175)
	at sun.reflect.NativeMethodAccessorImpl.invoke0(Native Method)
	at sun.reflect.NativeMethodAccessorImpl.invoke(NativeMethodAccessorImpl.java:62)
	at sun.reflect.DelegatingMethodAccessorImpl.invoke(DelegatingMethodAccessorImpl.java:43)
	at java.lang.reflect.Method.invoke(Method.java:498)
	at org.apache.hadoop.util.RunJar.run(RunJar.java:318)
	at org.apache.hadoop.util.RunJar.main(RunJar.java:232)
Caused by: <line 1, column 9> pig script failed to validate: java.lang.IllegalArgumentException: java.net.URISyntaxException: Relative path in absolute URI: hdfs:ns1/user/naveenpntrainergmail/movies_data.csv
	at org.apache.pig.parser.LogicalPlanBuilder.buildLoadOp(LogicalPlanBuilder.java:904)
	at org.apache.pig.parser.LogicalPlanGenerator.load_clause(LogicalPlanGenerator.java:3568)
	at org.apache.pig.parser.LogicalPlanGenerator.op_clause(LogicalPlanGenerator.java:1625)
	at org.apache.pig.parser.LogicalPlanGenerator.general_statement(LogicalPlanGenerator.java:1102)
	at org.apache.pig.parser.LogicalPlanGenerator.statement(LogicalPlanGenerator.java:560)
	at org.apache.pig.parser.LogicalPlanGenerator.query(LogicalPlanGenerator.java:421)
	at org.apache.pig.parser.QueryParserDriver.parse(QueryParserDriver.java:191)
	... 16 more
Caused by: java.lang.IllegalArgumentException: java.net.URISyntaxException: Relative path in absolute URI: hdfs:ns1/user/naveenpntrainergmail/movies_data.csv
	at org.apache.hadoop.fs.Path.initialize(Path.java:259)
	at org.apache.hadoop.fs.Path.<init>(Path.java:217)
	at org.apache.pig.LoadFunc.getAbsolutePath(LoadFunc.java:254)
	at org.apache.pig.LoadFunc.relativeToAbsolutePath(LoadFunc.java:76)
	at org.apache.pig.parser.LogicalPlanBuilder.buildLoadOp(LogicalPlanBuilder.java:896)
	... 22 more
Caused by: java.net.URISyntaxException: Relative path in absolute URI: hdfs:ns1/user/naveenpntrainergmail/movies_data.csv
	at java.net.URI.checkPath(URI.java:1823)
	at java.net.URI.<init>(URI.java:745)
	at org.apache.hadoop.fs.Path.initialize(Path.java:256)
	... 26 more
================================================================================
